This is pdfTeX, Version 3.14159265-2.6-1.40.16 (TeX Live 2015/Debian) (preloaded format=pdflatex 2016.5.31)  5 JUL 2016 23:07
entering extended mode
 restricted \write18 enabled.
 %&-line parsing enabled.
**ARTIGO-privacy.preserving.in.finer-grained.access.control.using.XACML.tex
(./ARTIGO-privacy.preserving.in.finer-grained.access.control.using.XACML.tex
LaTeX2e <2016/02/01>
Babel <3.9q> and hyphenation patterns for 81 language(s) loaded.
(./doublecol-new.cls

LaTeX Warning: You have requested document class `doublecol-new',
               but the document class provides `singlecol'.

Document Class: singlecol 1998/05/05 v1.3y Standard LaTeX document class
(/usr/share/texlive/texmf-dist/tex/generic/epsf/epsf.sty
This is `epsf.tex' v2.7.4 <14 February 2011>
\epsffilein=\read1
\epsfframemargin=\dimen102
\epsfframethickness=\dimen103
\epsfrsize=\dimen104
\epsftmp=\dimen105
\epsftsize=\dimen106
\epsfxsize=\dimen107
\epsfysize=\dimen108
\pspoints=\dimen109
) (/usr/share/texlive/texmf-dist/tex/latex/endnotes/endnotes.sty
\c@endnote=\count79
\endnotesep=\dimen110
\@enotes=\write3
)
(/usr/share/texlive/texmf-dist/tex/latex/base/ifthen.sty
Package: ifthen 2014/09/29 v1.1c Standard LaTeX ifthen package (DPC)
)
(/usr/share/texlive/texmf-dist/tex/latex/tools/dcolumn.sty
Package: dcolumn 2014/10/28 v1.06 decimal alignment package (DPC)

(/usr/share/texlive/texmf-dist/tex/latex/tools/array.sty
Package: array 2014/10/28 v2.4c Tabular extension package (FMi)
\col@sep=\dimen111
\extrarowheight=\dimen112
\NC@list=\toks14
\extratabsurround=\skip41
\backup@length=\skip42
))
(/usr/share/texlive/texmf-dist/tex/latex/graphics/graphics.sty
Package: graphics 2016/01/03 v1.0q Standard LaTeX Graphics (DPC,SPQR)

(/usr/share/texlive/texmf-dist/tex/latex/graphics/trig.sty
Package: trig 2016/01/03 v1.10 sin cos tan (DPC)
)
(/usr/share/texlive/texmf-dist/tex/latex/latexconfig/graphics.cfg
File: graphics.cfg 2010/04/23 v1.9 graphics configuration of TeX Live
)
Package graphics Info: Driver file: pdftex.def on input line 95.

(/usr/share/texlive/texmf-dist/tex/latex/pdftex-def/pdftex.def
File: pdftex.def 2011/05/27 v0.06d Graphics/color for pdfTeX

(/usr/share/texlive/texmf-dist/tex/generic/oberdiek/infwarerr.sty
Package: infwarerr 2010/04/08 v1.3 Providing info/warning/error messages (HO)
)
(/usr/share/texlive/texmf-dist/tex/generic/oberdiek/ltxcmds.sty
Package: ltxcmds 2011/11/09 v1.22 LaTeX kernel commands for general use (HO)
)
\Gread@gobject=\count80
))
(/usr/share/texlive/texmf-dist/tex/latex/base/leqno.sty

LaTeX Warning: inputting `leqno.clo' instead of obsolete `leqno.sty'.

(/usr/share/texlive/texmf-dist/tex/latex/base/leqno.clo
File: leqno.clo 2015/03/31 v1.1i Standard LaTeX option (left equation numbers)
))
(/usr/share/texlive/texmf-dist/tex/latex/tools/calc.sty
Package: calc 2014/10/28 v4.3 Infix arithmetic (KKT,FJ)
\calc@Acount=\count81
\calc@Bcount=\count82
\calc@Adimen=\dimen113
\calc@Bdimen=\dimen114
\calc@Askip=\skip43
\calc@Bskip=\skip44
LaTeX Info: Redefining \setlength on input line 80.
LaTeX Info: Redefining \addtolength on input line 81.
\calc@Ccount=\count83
\calc@Cskip=\skip45
)
(/usr/share/texlive/texmf-dist/tex/latex/lastpage/lastpage.sty
Package: lastpage 2015/03/29 v1.2m Refers to last page's name (HMM; JPG)
)
(/usr/share/texlive/texmf-dist/tex/latex/graphics/color.sty
Package: color 2016/01/03 v1.1b Standard LaTeX Color (DPC)

(/usr/share/texlive/texmf-dist/tex/latex/latexconfig/color.cfg
File: color.cfg 2007/01/18 v1.5 color configuration of teTeX/TeXLive
)
Package color Info: Driver file: pdftex.def on input line 143.
)
(/usr/share/texlive/texmf-dist/tex/latex/amsmath/amsmath.sty
Package: amsmath 2016/03/03 v2.15a AMS math features
\@mathmargin=\skip46

For additional information on amsmath, use the `?' option.
(/usr/share/texlive/texmf-dist/tex/latex/amsmath/amstext.sty
Package: amstext 2000/06/29 v2.01 AMS text

(/usr/share/texlive/texmf-dist/tex/latex/amsmath/amsgen.sty
File: amsgen.sty 1999/11/30 v2.0 generic functions
\@emptytoks=\toks15
\ex@=\dimen115
))
(/usr/share/texlive/texmf-dist/tex/latex/amsmath/amsbsy.sty
Package: amsbsy 1999/11/29 v1.2d Bold Symbols
\pmbraise@=\dimen116
)
(/usr/share/texlive/texmf-dist/tex/latex/amsmath/amsopn.sty
Package: amsopn 1999/12/14 v2.01 operator names
)
\inf@bad=\count84
LaTeX Info: Redefining \frac on input line 199.
\uproot@=\count85
\leftroot@=\count86
LaTeX Info: Redefining \overline on input line 297.
\classnum@=\count87
\DOTSCASE@=\count88
LaTeX Info: Redefining \ldots on input line 394.
LaTeX Info: Redefining \dots on input line 397.
LaTeX Info: Redefining \cdots on input line 518.
\Mathstrutbox@=\box26
\strutbox@=\box27
\big@size=\dimen117
LaTeX Font Info:    Redeclaring font encoding OML on input line 630.
LaTeX Font Info:    Redeclaring font encoding OMS on input line 631.
\macc@depth=\count89
\c@MaxMatrixCols=\count90
\dotsspace@=\muskip10
\c@parentequation=\count91
\dspbrk@lvl=\count92
\tag@help=\toks16
\row@=\count93
\column@=\count94
\maxfields@=\count95
\andhelp@=\toks17
\eqnshift@=\dimen118
\alignsep@=\dimen119
\tagshift@=\dimen120
\tagwidth@=\dimen121
\totwidth@=\dimen122
\lineht@=\dimen123
\@envbody=\toks18
\multlinegap=\skip47
\multlinetaggap=\skip48
\mathdisplay@stack=\toks19
LaTeX Info: Redefining \[ on input line 2735.
LaTeX Info: Redefining \] on input line 2736.
)
(/usr/share/texlive/texmf-dist/tex/latex/amsfonts/amsfonts.sty
Package: amsfonts 2013/01/14 v3.01 Basic AMSFonts support
\symAMSa=\mathgroup4
\symAMSb=\mathgroup5
LaTeX Font Info:    Overwriting math alphabet `\mathfrak' in version `bold'
(Font)                  U/euf/m/n --> U/euf/b/n on input line 106.
)
(/usr/share/texlive/texmf-dist/tex/latex/amsfonts/amssymb.sty
Package: amssymb 2013/01/14 v3.01 AMS font symbols
)
(/usr/share/texlive/texmf-dist/tex/latex/tools/bm.sty
Package: bm 2014/10/28 v1.1c Bold Symbol Support (DPC/FMi)
\symboldoperators=\mathgroup6
\symboldletters=\mathgroup7
\symboldsymbols=\mathgroup8
LaTeX Font Info:    Redeclaring math alphabet \mathbf on input line 141.
LaTeX Info: Redefining \bm on input line 207.
)
(/usr/share/texlive/texmf-dist/tex/latex/base/latexsym.sty
Package: latexsym 1998/08/17 v2.2e Standard LaTeX package (lasy symbols)
\symlasy=\mathgroup9
LaTeX Font Info:    Overwriting symbol font `lasy' in version `bold'
(Font)                  U/lasy/m/n --> U/lasy/b/n on input line 52.
)
(/usr/share/texlive/texmf-dist/tex/latex/base/size10.clo
File: size10.clo 2014/09/29 v1.4h Standard LaTeX file (size option)
)
\markwidth=\dimen124
\blth=\dimen125
\marklength=\dimen126
\markdistance=\dimen127
\trimwidth=\dimen128
\trimheight=\dimen129
\auxaaa=\dimen130
\auxbbb=\dimen131
\auxccc=\dimen132
\auxddd=\dimen133
\t@abstract=\box28
\t@receivedname=\box29
\temptbox=\box30
\tempdime=\dimen134
\t@bio=\box31

(/usr/share/texlive/texmf-dist/tex/latex/tools/theorem.sty
Package: theorem 2014/10/28 v2.2c Theorem extension package (FMi)
\theorem@style=\toks20
\theorem@bodyfont=\toks21
\theorempreskipamount=\skip49
\theorempostskipamount=\skip50

(/usr/share/texlive/texmf-dist/tex/latex/tools/thp.sty
File: thp.sty 2014/10/28 v2.2c Theorem extension package (FMi)
))
\c@part=\count96
\c@section=\count97
\c@subsection=\count98
\c@subsubsection=\count99
\c@paragraph=\count100
\c@subparagraph=\count101
\mathindent=\dimen135
\mathindent=\dimen136
\c@figure=\count102
\c@table=\count103
\abovecaptionskip=\skip51
\belowcaptionskip=\skip52
\@tempboxb=\box32
\boxH=\box33
\boxHrunin=\box34
\temptbox=\box35
\temptboxA=\box36
\tempdime=\dimen137
\tempdimeA=\dimen138
\rboxh=\dimen139
\rboxw=\dimen140
)
(/usr/share/texlive/texmf-dist/tex/latex/natbib/natbib.sty
Package: natbib 2010/09/13 8.31b (PWD, AO)
\bibhang=\skip53
\bibsep=\skip54
LaTeX Info: Redefining \cite on input line 694.
\c@NAT@ctr=\count104
)
(/usr/share/texmf/tex/latex/html/html.sty
(/usr/share/texlive/texmf-dist/tex/latex/hyperref/hyperref.sty
Package: hyperref 2012/11/06 v6.83m Hypertext links for LaTeX

(/usr/share/texlive/texmf-dist/tex/generic/oberdiek/hobsub-hyperref.sty
Package: hobsub-hyperref 2012/05/28 v1.13 Bundle oberdiek, subset hyperref (HO)


(/usr/share/texlive/texmf-dist/tex/generic/oberdiek/hobsub-generic.sty
Package: hobsub-generic 2012/05/28 v1.13 Bundle oberdiek, subset generic (HO)
Package: hobsub 2012/05/28 v1.13 Construct package bundles (HO)
Package hobsub Info: Skipping package `infwarerr' (already loaded).
Package hobsub Info: Skipping package `ltxcmds' (already loaded).
Package: ifluatex 2010/03/01 v1.3 Provides the ifluatex switch (HO)
Package ifluatex Info: LuaTeX not detected.
Package: ifvtex 2010/03/01 v1.5 Detect VTeX and its facilities (HO)
Package ifvtex Info: VTeX not detected.
Package: intcalc 2007/09/27 v1.1 Expandable calculations with integers (HO)
Package: ifpdf 2011/01/30 v2.3 Provides the ifpdf switch (HO)
Package ifpdf Info: pdfTeX in PDF mode is detected.
Package: etexcmds 2011/02/16 v1.5 Avoid name clashes with e-TeX commands (HO)
Package etexcmds Info: Could not find \expanded.
(etexcmds)             That can mean that you are not using pdfTeX 1.50 or
(etexcmds)             that some package has redefined \expanded.
(etexcmds)             In the latter case, load this package earlier.
Package: kvsetkeys 2012/04/25 v1.16 Key value parser (HO)
Package: kvdefinekeys 2011/04/07 v1.3 Define keys (HO)
Package: pdftexcmds 2011/11/29 v0.20 Utility functions of pdfTeX for LuaTeX (HO
)
Package pdftexcmds Info: LuaTeX not detected.
Package pdftexcmds Info: \pdf@primitive is available.
Package pdftexcmds Info: \pdf@ifprimitive is available.
Package pdftexcmds Info: \pdfdraftmode found.
Package: pdfescape 2011/11/25 v1.13 Implements pdfTeX's escape features (HO)
Package: bigintcalc 2012/04/08 v1.3 Expandable calculations on big integers (HO
)
Package: bitset 2011/01/30 v1.1 Handle bit-vector datatype (HO)
Package: uniquecounter 2011/01/30 v1.2 Provide unlimited unique counter (HO)
)
Package hobsub Info: Skipping package `hobsub' (already loaded).
Package: letltxmacro 2010/09/02 v1.4 Let assignment for LaTeX macros (HO)
Package: hopatch 2012/05/28 v1.2 Wrapper for package hooks (HO)
Package: xcolor-patch 2011/01/30 xcolor patch
Package: atveryend 2011/06/30 v1.8 Hooks at the very end of document (HO)
Package atveryend Info: \enddocument detected (standard20110627).
Package: atbegshi 2011/10/05 v1.16 At begin shipout hook (HO)
Package: refcount 2011/10/16 v3.4 Data extraction from label references (HO)
Package: hycolor 2011/01/30 v1.7 Color options for hyperref/bookmark (HO)
)
(/usr/share/texlive/texmf-dist/tex/latex/graphics/keyval.sty
Package: keyval 2014/10/28 v1.15 key=value parser (DPC)
\KV@toks@=\toks22
)
(/usr/share/texlive/texmf-dist/tex/generic/ifxetex/ifxetex.sty
Package: ifxetex 2010/09/12 v0.6 Provides ifxetex conditional
)
(/usr/share/texlive/texmf-dist/tex/latex/oberdiek/auxhook.sty
Package: auxhook 2011/03/04 v1.3 Hooks for auxiliary files (HO)
)
(/usr/share/texlive/texmf-dist/tex/latex/oberdiek/kvoptions.sty
Package: kvoptions 2011/06/30 v3.11 Key value format for package options (HO)
)
\@linkdim=\dimen141
\Hy@linkcounter=\count105
\Hy@pagecounter=\count106

(/usr/share/texlive/texmf-dist/tex/latex/hyperref/pd1enc.def
File: pd1enc.def 2012/11/06 v6.83m Hyperref: PDFDocEncoding definition (HO)
)
\Hy@SavedSpaceFactor=\count107

(/usr/share/texlive/texmf-dist/tex/latex/latexconfig/hyperref.cfg
File: hyperref.cfg 2002/06/06 v1.2 hyperref configuration of TeXLive
)
Package hyperref Info: Hyper figures OFF on input line 4443.
Package hyperref Info: Link nesting OFF on input line 4448.
Package hyperref Info: Hyper index ON on input line 4451.
Package hyperref Info: Plain pages OFF on input line 4458.
Package hyperref Info: Backreferencing OFF on input line 4463.
Package hyperref Info: Implicit mode ON; LaTeX internals redefined.
Package hyperref Info: Bookmarks ON on input line 4688.
\c@Hy@tempcnt=\count108

(/usr/share/texlive/texmf-dist/tex/latex/url/url.sty
\Urlmuskip=\muskip11
Package: url 2013/09/16  ver 3.4  Verb mode for urls, etc.
)
LaTeX Info: Redefining \url on input line 5041.
\XeTeXLinkMargin=\dimen142
\Fld@menulength=\count109
\Field@Width=\dimen143
\Fld@charsize=\dimen144
Package hyperref Info: Hyper figures OFF on input line 6295.
Package hyperref Info: Link nesting OFF on input line 6300.
Package hyperref Info: Hyper index ON on input line 6303.
Package hyperref Info: backreferencing OFF on input line 6310.
Package hyperref Info: Link coloring OFF on input line 6315.
Package hyperref Info: Link coloring with OCG OFF on input line 6320.
Package hyperref Info: PDF/A mode OFF on input line 6325.
LaTeX Info: Redefining \ref on input line 6365.
LaTeX Info: Redefining \pageref on input line 6369.
\Hy@abspage=\count110
\c@Item=\count111
\c@Hfootnote=\count112
)

Package hyperref Message: Driver: hpdftex.

(/usr/share/texlive/texmf-dist/tex/latex/hyperref/hpdftex.def
File: hpdftex.def 2012/11/06 v6.83m Hyperref driver for pdfTeX
\Fld@listcount=\count113
\c@bookmark@seq@number=\count114

(/usr/share/texlive/texmf-dist/tex/latex/oberdiek/rerunfilecheck.sty
Package: rerunfilecheck 2011/04/15 v1.7 Rerun checks for auxiliary files (HO)
Package uniquecounter Info: New unique counter `rerunfilecheck' on input line 2
82.
)
\Hy@SectionHShift=\skip55
)
Package: html 1999/07/19 v1.38 hypertext commands for latex2html (nd, hws, rrm)

\c@lpart=\count115
\c@lchapter=\count116
\c@chapter=\count117
\c@lsection=\count118
\c@lsubsection=\count119
\c@lsubsubsection=\count120
\c@lparagraph=\count121
\c@lsubparagraph=\count122
\c@lsubsubparagraph=\count123
\ptrfile=\write4
)
(/usr/share/texlive/texmf-dist/tex/latex/base/inputenc.sty
Package: inputenc 2015/03/17 v1.2c Input encoding file
\inpenc@prehook=\toks23
\inpenc@posthook=\toks24

(/usr/share/texlive/texmf-dist/tex/latex/base/utf8.def
File: utf8.def 2015/12/03 v1.1r UTF-8 support for inputenc
Now handling font encoding OML ...
... no UTF-8 mapping file for font encoding OML
Now handling font encoding T1 ...
... processing UTF-8 mapping file for font encoding T1

(/usr/share/texlive/texmf-dist/tex/latex/base/t1enc.dfu
File: t1enc.dfu 2015/12/03 v1.1r UTF-8 support for inputenc
   defining Unicode char U+00A0 (decimal 160)
   defining Unicode char U+00A1 (decimal 161)
   defining Unicode char U+00A3 (decimal 163)
   defining Unicode char U+00AB (decimal 171)
   defining Unicode char U+00AD (decimal 173)
   defining Unicode char U+00BB (decimal 187)
   defining Unicode char U+00BF (decimal 191)
   defining Unicode char U+00C0 (decimal 192)
   defining Unicode char U+00C1 (decimal 193)
   defining Unicode char U+00C2 (decimal 194)
   defining Unicode char U+00C3 (decimal 195)
   defining Unicode char U+00C4 (decimal 196)
   defining Unicode char U+00C5 (decimal 197)
   defining Unicode char U+00C6 (decimal 198)
   defining Unicode char U+00C7 (decimal 199)
   defining Unicode char U+00C8 (decimal 200)
   defining Unicode char U+00C9 (decimal 201)
   defining Unicode char U+00CA (decimal 202)
   defining Unicode char U+00CB (decimal 203)
   defining Unicode char U+00CC (decimal 204)
   defining Unicode char U+00CD (decimal 205)
   defining Unicode char U+00CE (decimal 206)
   defining Unicode char U+00CF (decimal 207)
   defining Unicode char U+00D0 (decimal 208)
   defining Unicode char U+00D1 (decimal 209)
   defining Unicode char U+00D2 (decimal 210)
   defining Unicode char U+00D3 (decimal 211)
   defining Unicode char U+00D4 (decimal 212)
   defining Unicode char U+00D5 (decimal 213)
   defining Unicode char U+00D6 (decimal 214)
   defining Unicode char U+00D8 (decimal 216)
   defining Unicode char U+00D9 (decimal 217)
   defining Unicode char U+00DA (decimal 218)
   defining Unicode char U+00DB (decimal 219)
   defining Unicode char U+00DC (decimal 220)
   defining Unicode char U+00DD (decimal 221)
   defining Unicode char U+00DE (decimal 222)
   defining Unicode char U+00DF (decimal 223)
   defining Unicode char U+00E0 (decimal 224)
   defining Unicode char U+00E1 (decimal 225)
   defining Unicode char U+00E2 (decimal 226)
   defining Unicode char U+00E3 (decimal 227)
   defining Unicode char U+00E4 (decimal 228)
   defining Unicode char U+00E5 (decimal 229)
   defining Unicode char U+00E6 (decimal 230)
   defining Unicode char U+00E7 (decimal 231)
   defining Unicode char U+00E8 (decimal 232)
   defining Unicode char U+00E9 (decimal 233)
   defining Unicode char U+00EA (decimal 234)
   defining Unicode char U+00EB (decimal 235)
   defining Unicode char U+00EC (decimal 236)
   defining Unicode char U+00ED (decimal 237)
   defining Unicode char U+00EE (decimal 238)
   defining Unicode char U+00EF (decimal 239)
   defining Unicode char U+00F0 (decimal 240)
   defining Unicode char U+00F1 (decimal 241)
   defining Unicode char U+00F2 (decimal 242)
   defining Unicode char U+00F3 (decimal 243)
   defining Unicode char U+00F4 (decimal 244)
   defining Unicode char U+00F5 (decimal 245)
   defining Unicode char U+00F6 (decimal 246)
   defining Unicode char U+00F8 (decimal 248)
   defining Unicode char U+00F9 (decimal 249)
   defining Unicode char U+00FA (decimal 250)
   defining Unicode char U+00FB (decimal 251)
   defining Unicode char U+00FC (decimal 252)
   defining Unicode char U+00FD (decimal 253)
   defining Unicode char U+00FE (decimal 254)
   defining Unicode char U+00FF (decimal 255)
   defining Unicode char U+0100 (decimal 256)
   defining Unicode char U+0101 (decimal 257)
   defining Unicode char U+0102 (decimal 258)
   defining Unicode char U+0103 (decimal 259)
   defining Unicode char U+0104 (decimal 260)
   defining Unicode char U+0105 (decimal 261)
   defining Unicode char U+0106 (decimal 262)
   defining Unicode char U+0107 (decimal 263)
   defining Unicode char U+0108 (decimal 264)
   defining Unicode char U+0109 (decimal 265)
   defining Unicode char U+010A (decimal 266)
   defining Unicode char U+010B (decimal 267)
   defining Unicode char U+010C (decimal 268)
   defining Unicode char U+010D (decimal 269)
   defining Unicode char U+010E (decimal 270)
   defining Unicode char U+010F (decimal 271)
   defining Unicode char U+0110 (decimal 272)
   defining Unicode char U+0111 (decimal 273)
   defining Unicode char U+0112 (decimal 274)
   defining Unicode char U+0113 (decimal 275)
   defining Unicode char U+0114 (decimal 276)
   defining Unicode char U+0115 (decimal 277)
   defining Unicode char U+0116 (decimal 278)
   defining Unicode char U+0117 (decimal 279)
   defining Unicode char U+0118 (decimal 280)
   defining Unicode char U+0119 (decimal 281)
   defining Unicode char U+011A (decimal 282)
   defining Unicode char U+011B (decimal 283)
   defining Unicode char U+011C (decimal 284)
   defining Unicode char U+011D (decimal 285)
   defining Unicode char U+011E (decimal 286)
   defining Unicode char U+011F (decimal 287)
   defining Unicode char U+0120 (decimal 288)
   defining Unicode char U+0121 (decimal 289)
   defining Unicode char U+0122 (decimal 290)
   defining Unicode char U+0123 (decimal 291)
   defining Unicode char U+0124 (decimal 292)
   defining Unicode char U+0125 (decimal 293)
   defining Unicode char U+0128 (decimal 296)
   defining Unicode char U+0129 (decimal 297)
   defining Unicode char U+012A (decimal 298)
   defining Unicode char U+012B (decimal 299)
   defining Unicode char U+012C (decimal 300)
   defining Unicode char U+012D (decimal 301)
   defining Unicode char U+012E (decimal 302)
   defining Unicode char U+012F (decimal 303)
   defining Unicode char U+0130 (decimal 304)
   defining Unicode char U+0131 (decimal 305)
   defining Unicode char U+0132 (decimal 306)
   defining Unicode char U+0133 (decimal 307)
   defining Unicode char U+0134 (decimal 308)
   defining Unicode char U+0135 (decimal 309)
   defining Unicode char U+0136 (decimal 310)
   defining Unicode char U+0137 (decimal 311)
   defining Unicode char U+0139 (decimal 313)
   defining Unicode char U+013A (decimal 314)
   defining Unicode char U+013B (decimal 315)
   defining Unicode char U+013C (decimal 316)
   defining Unicode char U+013D (decimal 317)
   defining Unicode char U+013E (decimal 318)
   defining Unicode char U+0141 (decimal 321)
   defining Unicode char U+0142 (decimal 322)
   defining Unicode char U+0143 (decimal 323)
   defining Unicode char U+0144 (decimal 324)
   defining Unicode char U+0145 (decimal 325)
   defining Unicode char U+0146 (decimal 326)
   defining Unicode char U+0147 (decimal 327)
   defining Unicode char U+0148 (decimal 328)
   defining Unicode char U+014A (decimal 330)
   defining Unicode char U+014B (decimal 331)
   defining Unicode char U+014C (decimal 332)
   defining Unicode char U+014D (decimal 333)
   defining Unicode char U+014E (decimal 334)
   defining Unicode char U+014F (decimal 335)
   defining Unicode char U+0150 (decimal 336)
   defining Unicode char U+0151 (decimal 337)
   defining Unicode char U+0152 (decimal 338)
   defining Unicode char U+0153 (decimal 339)
   defining Unicode char U+0154 (decimal 340)
   defining Unicode char U+0155 (decimal 341)
   defining Unicode char U+0156 (decimal 342)
   defining Unicode char U+0157 (decimal 343)
   defining Unicode char U+0158 (decimal 344)
   defining Unicode char U+0159 (decimal 345)
   defining Unicode char U+015A (decimal 346)
   defining Unicode char U+015B (decimal 347)
   defining Unicode char U+015C (decimal 348)
   defining Unicode char U+015D (decimal 349)
   defining Unicode char U+015E (decimal 350)
   defining Unicode char U+015F (decimal 351)
   defining Unicode char U+0160 (decimal 352)
   defining Unicode char U+0161 (decimal 353)
   defining Unicode char U+0162 (decimal 354)
   defining Unicode char U+0163 (decimal 355)
   defining Unicode char U+0164 (decimal 356)
   defining Unicode char U+0165 (decimal 357)
   defining Unicode char U+0168 (decimal 360)
   defining Unicode char U+0169 (decimal 361)
   defining Unicode char U+016A (decimal 362)
   defining Unicode char U+016B (decimal 363)
   defining Unicode char U+016C (decimal 364)
   defining Unicode char U+016D (decimal 365)
   defining Unicode char U+016E (decimal 366)
   defining Unicode char U+016F (decimal 367)
   defining Unicode char U+0170 (decimal 368)
   defining Unicode char U+0171 (decimal 369)
   defining Unicode char U+0172 (decimal 370)
   defining Unicode char U+0173 (decimal 371)
   defining Unicode char U+0174 (decimal 372)
   defining Unicode char U+0175 (decimal 373)
   defining Unicode char U+0176 (decimal 374)
   defining Unicode char U+0177 (decimal 375)
   defining Unicode char U+0178 (decimal 376)
   defining Unicode char U+0179 (decimal 377)
   defining Unicode char U+017A (decimal 378)
   defining Unicode char U+017B (decimal 379)
   defining Unicode char U+017C (decimal 380)
   defining Unicode char U+017D (decimal 381)
   defining Unicode char U+017E (decimal 382)
   defining Unicode char U+01CD (decimal 461)
   defining Unicode char U+01CE (decimal 462)
   defining Unicode char U+01CF (decimal 463)
   defining Unicode char U+01D0 (decimal 464)
   defining Unicode char U+01D1 (decimal 465)
   defining Unicode char U+01D2 (decimal 466)
   defining Unicode char U+01D3 (decimal 467)
   defining Unicode char U+01D4 (decimal 468)
   defining Unicode char U+01E2 (decimal 482)
   defining Unicode char U+01E3 (decimal 483)
   defining Unicode char U+01E6 (decimal 486)
   defining Unicode char U+01E7 (decimal 487)
   defining Unicode char U+01E8 (decimal 488)
   defining Unicode char U+01E9 (decimal 489)
   defining Unicode char U+01EA (decimal 490)
   defining Unicode char U+01EB (decimal 491)
   defining Unicode char U+01F0 (decimal 496)
   defining Unicode char U+01F4 (decimal 500)
   defining Unicode char U+01F5 (decimal 501)
   defining Unicode char U+0218 (decimal 536)
   defining Unicode char U+0219 (decimal 537)
   defining Unicode char U+021A (decimal 538)
   defining Unicode char U+021B (decimal 539)
   defining Unicode char U+01E02 (decimal 7682)
   defining Unicode char U+01E03 (decimal 7683)
   defining Unicode char U+200C (decimal 8204)
   defining Unicode char U+2013 (decimal 8211)
   defining Unicode char U+2014 (decimal 8212)
   defining Unicode char U+2018 (decimal 8216)
   defining Unicode char U+2019 (decimal 8217)
   defining Unicode char U+201A (decimal 8218)
   defining Unicode char U+201C (decimal 8220)
   defining Unicode char U+201D (decimal 8221)
   defining Unicode char U+201E (decimal 8222)
   defining Unicode char U+2030 (decimal 8240)
   defining Unicode char U+2031 (decimal 8241)
   defining Unicode char U+2039 (decimal 8249)
   defining Unicode char U+203A (decimal 8250)
   defining Unicode char U+2423 (decimal 9251)
)
Now handling font encoding OT1 ...
... processing UTF-8 mapping file for font encoding OT1

(/usr/share/texlive/texmf-dist/tex/latex/base/ot1enc.dfu
File: ot1enc.dfu 2015/12/03 v1.1r UTF-8 support for inputenc
   defining Unicode char U+00A0 (decimal 160)
   defining Unicode char U+00A1 (decimal 161)
   defining Unicode char U+00A3 (decimal 163)
   defining Unicode char U+00AD (decimal 173)
   defining Unicode char U+00B8 (decimal 184)
   defining Unicode char U+00BF (decimal 191)
   defining Unicode char U+00C5 (decimal 197)
   defining Unicode char U+00C6 (decimal 198)
   defining Unicode char U+00D8 (decimal 216)
   defining Unicode char U+00DF (decimal 223)
   defining Unicode char U+00E6 (decimal 230)
   defining Unicode char U+00EC (decimal 236)
   defining Unicode char U+00ED (decimal 237)
   defining Unicode char U+00EE (decimal 238)
   defining Unicode char U+00EF (decimal 239)
   defining Unicode char U+00F8 (decimal 248)
   defining Unicode char U+0131 (decimal 305)
   defining Unicode char U+0141 (decimal 321)
   defining Unicode char U+0142 (decimal 322)
   defining Unicode char U+0152 (decimal 338)
   defining Unicode char U+0153 (decimal 339)
   defining Unicode char U+0174 (decimal 372)
   defining Unicode char U+0175 (decimal 373)
   defining Unicode char U+0176 (decimal 374)
   defining Unicode char U+0177 (decimal 375)
   defining Unicode char U+0218 (decimal 536)
   defining Unicode char U+0219 (decimal 537)
   defining Unicode char U+021A (decimal 538)
   defining Unicode char U+021B (decimal 539)
   defining Unicode char U+2013 (decimal 8211)
   defining Unicode char U+2014 (decimal 8212)
   defining Unicode char U+2018 (decimal 8216)
   defining Unicode char U+2019 (decimal 8217)
   defining Unicode char U+201C (decimal 8220)
   defining Unicode char U+201D (decimal 8221)
)
Now handling font encoding OMS ...
... processing UTF-8 mapping file for font encoding OMS

(/usr/share/texlive/texmf-dist/tex/latex/base/omsenc.dfu
File: omsenc.dfu 2015/12/03 v1.1r UTF-8 support for inputenc
   defining Unicode char U+00A7 (decimal 167)
   defining Unicode char U+00B6 (decimal 182)
   defining Unicode char U+00B7 (decimal 183)
   defining Unicode char U+2020 (decimal 8224)
   defining Unicode char U+2021 (decimal 8225)
   defining Unicode char U+2022 (decimal 8226)
)
Now handling font encoding OMX ...
... no UTF-8 mapping file for font encoding OMX
Now handling font encoding U ...
... no UTF-8 mapping file for font encoding U
Now handling font encoding PD1 ...
... no UTF-8 mapping file for font encoding PD1
   defining Unicode char U+00A9 (decimal 169)
   defining Unicode char U+00AA (decimal 170)
   defining Unicode char U+00AE (decimal 174)
   defining Unicode char U+00BA (decimal 186)
   defining Unicode char U+02C6 (decimal 710)
   defining Unicode char U+02DC (decimal 732)
   defining Unicode char U+200C (decimal 8204)
   defining Unicode char U+2026 (decimal 8230)
   defining Unicode char U+2122 (decimal 8482)
   defining Unicode char U+2423 (decimal 9251)
))
(/usr/share/texmf/tex/latex/lm/lmodern.sty
Package: lmodern 2009/10/30 v1.6 Latin Modern Fonts
LaTeX Font Info:    Overwriting symbol font `operators' in version `normal'
(Font)                  OT1/cmr/m/n --> OT1/lmr/m/n on input line 22.
LaTeX Font Info:    Overwriting symbol font `letters' in version `normal'
(Font)                  OML/cmm/m/it --> OML/lmm/m/it on input line 23.
LaTeX Font Info:    Overwriting symbol font `symbols' in version `normal'
(Font)                  OMS/cmsy/m/n --> OMS/lmsy/m/n on input line 24.
LaTeX Font Info:    Overwriting symbol font `largesymbols' in version `normal'
(Font)                  OMX/cmex/m/n --> OMX/lmex/m/n on input line 25.
LaTeX Font Info:    Overwriting symbol font `operators' in version `bold'
(Font)                  OT1/cmr/bx/n --> OT1/lmr/bx/n on input line 26.
LaTeX Font Info:    Overwriting symbol font `letters' in version `bold'
(Font)                  OML/cmm/b/it --> OML/lmm/b/it on input line 27.
LaTeX Font Info:    Overwriting symbol font `symbols' in version `bold'
(Font)                  OMS/cmsy/b/n --> OMS/lmsy/b/n on input line 28.
LaTeX Font Info:    Overwriting symbol font `largesymbols' in version `bold'
(Font)                  OMX/cmex/m/n --> OMX/lmex/m/n on input line 29.
LaTeX Font Info:    Overwriting math alphabet `\mathbf' in version `normal'
(Font)                  OT1/cmr/bx/n --> OT1/lmr/bx/n on input line 31.
LaTeX Font Info:    Overwriting math alphabet `\mathsf' in version `normal'
(Font)                  OT1/cmss/m/n --> OT1/lmss/m/n on input line 32.
LaTeX Font Info:    Overwriting math alphabet `\mathit' in version `normal'
(Font)                  OT1/cmr/m/it --> OT1/lmr/m/it on input line 33.
LaTeX Font Info:    Overwriting math alphabet `\mathtt' in version `normal'
(Font)                  OT1/cmtt/m/n --> OT1/lmtt/m/n on input line 34.
LaTeX Font Info:    Overwriting math alphabet `\mathbf' in version `bold'
(Font)                  OT1/cmr/bx/n --> OT1/lmr/bx/n on input line 35.
LaTeX Font Info:    Overwriting math alphabet `\mathsf' in version `bold'
(Font)                  OT1/cmss/bx/n --> OT1/lmss/bx/n on input line 36.
LaTeX Font Info:    Overwriting math alphabet `\mathit' in version `bold'
(Font)                  OT1/cmr/bx/it --> OT1/lmr/bx/it on input line 37.
LaTeX Font Info:    Overwriting math alphabet `\mathtt' in version `bold'
(Font)                  OT1/cmtt/m/n --> OT1/lmtt/m/n on input line 38.
)
(./ARTIGO-privacy.preserving.in.finer-grained.access.control.using.XACML.aux)
\openout1 = `ARTIGO-privacy.preserving.in.finer-grained.access.control.using.XA
CML.aux'.

LaTeX Font Info:    Checking defaults for OML/cmm/m/it on input line 34.
LaTeX Font Info:    ... okay on input line 34.
LaTeX Font Info:    Checking defaults for T1/cmr/m/n on input line 34.
LaTeX Font Info:    ... okay on input line 34.
LaTeX Font Info:    Checking defaults for OT1/cmr/m/n on input line 34.
LaTeX Font Info:    ... okay on input line 34.
LaTeX Font Info:    Checking defaults for OMS/cmsy/m/n on input line 34.
LaTeX Font Info:    ... okay on input line 34.
LaTeX Font Info:    Checking defaults for OMX/cmex/m/n on input line 34.
LaTeX Font Info:    ... okay on input line 34.
LaTeX Font Info:    Checking defaults for U/cmr/m/n on input line 34.
LaTeX Font Info:    ... okay on input line 34.
LaTeX Font Info:    Checking defaults for PD1/pdf/m/n on input line 34.
LaTeX Font Info:    ... okay on input line 34.
LaTeX Font Info:    Try loading font information for OT1+lmr on input line 34.

(/usr/share/texmf/tex/latex/lm/ot1lmr.fd
File: ot1lmr.fd 2009/10/30 v1.6 Font defs for Latin Modern
)
(/usr/share/texlive/texmf-dist/tex/context/base/supp-pdf.mkii
[Loading MPS to PDF converter (version 2006.09.02).]
\scratchcounter=\count124
\scratchdimen=\dimen145
\scratchbox=\box37
\nofMPsegments=\count125
\nofMParguments=\count126
\everyMPshowfont=\toks25
\MPscratchCnt=\count127
\MPscratchDim=\dimen146
\MPnumerator=\count128
\makeMPintoPDFobject=\count129
\everyMPtoPDFconversion=\toks26
) (/usr/share/texlive/texmf-dist/tex/latex/oberdiek/epstopdf-base.sty
Package: epstopdf-base 2010/02/09 v2.5 Base part for package epstopdf

(/usr/share/texlive/texmf-dist/tex/latex/oberdiek/grfext.sty
Package: grfext 2010/08/19 v1.1 Manage graphics extensions (HO)
)
Package grfext Info: Graphics extension search list:
(grfext)             [.png,.pdf,.jpg,.mps,.jpeg,.jbig2,.jb2,.PNG,.PDF,.JPG,.JPE
G,.JBIG2,.JB2,.eps]
(grfext)             \AppendGraphicsExtensions on input line 452.

(/usr/share/texlive/texmf-dist/tex/latex/latexconfig/epstopdf-sys.cfg
File: epstopdf-sys.cfg 2010/07/13 v1.3 Configuration of (r)epstopdf for TeX Liv
e
))
Package lastpage Info: Please have a look at the pageslts package at
(lastpage)             https://www.ctan.org/pkg/pageslts
(lastpage)             ! on input line 34.
\AtBeginShipoutBox=\box38
Package hyperref Info: Link coloring OFF on input line 34.

(/usr/share/texlive/texmf-dist/tex/latex/hyperref/nameref.sty
Package: nameref 2012/10/27 v2.43 Cross-referencing by name of section

(/usr/share/texlive/texmf-dist/tex/generic/oberdiek/gettitlestring.sty
Package: gettitlestring 2010/12/03 v1.4 Cleanup title references (HO)
)
\c@section@level=\count130
)
LaTeX Info: Redefining \ref on input line 34.
LaTeX Info: Redefining \pageref on input line 34.
LaTeX Info: Redefining \nameref on input line 34.

(./ARTIGO-privacy.preserving.in.finer-grained.access.control.using.XACML.out)
(./ARTIGO-privacy.preserving.in.finer-grained.access.control.using.XACML.out)
\@outlinefile=\write5
\openout5 = `ARTIGO-privacy.preserving.in.finer-grained.access.control.using.XA
CML.out'.

LaTeX Font Info:    Try loading font information for OML+lmm on input line 43.

(/usr/share/texmf/tex/latex/lm/omllmm.fd
File: omllmm.fd 2009/10/30 v1.6 Font defs for Latin Modern
)
LaTeX Font Info:    Try loading font information for OMS+lmsy on input line 43.


(/usr/share/texmf/tex/latex/lm/omslmsy.fd
File: omslmsy.fd 2009/10/30 v1.6 Font defs for Latin Modern
)
LaTeX Font Info:    Try loading font information for OMX+lmex on input line 43.


(/usr/share/texmf/tex/latex/lm/omxlmex.fd
File: omxlmex.fd 2009/10/30 v1.6 Font defs for Latin Modern
)
LaTeX Font Info:    External font `lmex10' loaded for size
(Font)              <9> on input line 43.
LaTeX Font Info:    External font `lmex10' loaded for size
(Font)              <6> on input line 43.
LaTeX Font Info:    External font `lmex10' loaded for size
(Font)              <5> on input line 43.
LaTeX Font Info:    Try loading font information for U+msa on input line 43.

(/usr/share/texlive/texmf-dist/tex/latex/amsfonts/umsa.fd
File: umsa.fd 2013/01/14 v3.01 AMS symbols A
)
LaTeX Font Info:    Try loading font information for U+msb on input line 43.

(/usr/share/texlive/texmf-dist/tex/latex/amsfonts/umsb.fd
File: umsb.fd 2013/01/14 v3.01 AMS symbols B
)
LaTeX Font Info:    Try loading font information for U+lasy on input line 43.

(/usr/share/texlive/texmf-dist/tex/latex/base/ulasy.fd
File: ulasy.fd 1998/08/17 v2.2e LaTeX symbol font definitions
)
LaTeX Font Info:    Try loading font information for OMS+lmr on input line 43.

(/usr/share/texmf/tex/latex/lm/omslmr.fd
File: omslmr.fd 2009/10/30 v1.6 Font defs for Latin Modern
)
LaTeX Font Info:    Font shape `OMS/lmr/m/n' in size <9> not available
(Font)              Font shape `OMS/lmsy/m/n' tried instead on input line 43.

Underfull \hbox (badness 10000) in paragraph at lines 44--44

 []

[1

{/var/lib/texmf/fonts/map/pdftex/updmap/pdftex.map}]
Overfull \hbox (3.0pt too wide) in paragraph at lines 81--81
 []  
 []

LaTeX Font Info:    Try loading font information for OT1+lmss on input line 81.

(/usr/share/texmf/tex/latex/lm/ot1lmss.fd
File: ot1lmss.fd 2009/10/30 v1.6 Font defs for Latin Modern
)
Overfull \hbox (3.0pt too wide) in paragraph at lines 81--81
 [][]|  
 []


Underfull \hbox (badness 1308) in paragraph at lines 84--85
\OT1/lmr/m/n/10 the main interface to the utilization and diffusion
 []


Underfull \hbox (badness 1107) in paragraph at lines 84--85
\OT1/lmr/m/n/10 of information, as well as to the access to online
 []


Underfull \hbox (badness 10000) in paragraph at lines 86--88
[]\OT1/lmr/m/n/10 MOTIVA[][]AO: por que ^^Se importante
 []


Underfull \hbox (badness 1635) in paragraph at lines 86--88
\OT1/lmr/m/n/10 PRIVACIDADE. The privacy aims to control and
 []


Underfull \hbox (badness 3058) in paragraph at lines 86--88
\OT1/lmr/m/n/10 law, techniques and mechanisms to empower the
 []


Underfull \hbox (badness 2564) in paragraph at lines 86--88
\OT1/lmr/m/n/10 personal information released and/or prevent that
 []


Underfull \hbox (badness 1082) in paragraph at lines 86--88
[]\OT1/lmr/m/n/10 2012[]). Privacy was subject a concern a long time
 []


Underfull \vbox (badness 1540) has occurred while \output is active []

 [2

]
Underfull \hbox (badness 5203) in paragraph at lines 89--91
[]\OT1/lmr/m/n/10 POR QUE []E IMPORTANTE RESOLVER O
 []


Underfull \hbox (badness 10000) in paragraph at lines 92--94
[]\OT1/lmr/m/n/10 O QUE O PRESENTE TRABALHO TEM
 []


Underfull \hbox (badness 1803) in paragraph at lines 92--94
\OT1/lmr/m/n/10 DE INOVADOR em rela^^Xc~ao aos outros trabalhos,
 []


Underfull \hbox (badness 1838) in paragraph at lines 92--94
\OT1/lmr/m/n/10 work parallel service provider (SP) enforcing fine-
 []


Underfull \hbox (badness 1748) in paragraph at lines 92--94
\OT1/lmr/m/n/10 by an identity provider (IdP). Both are executed
 []


Underfull \hbox (badness 2932) in paragraph at lines 92--94
\OT1/lmr/m/n/10 in disjunct security domains. Specifically, the SP
 []


Underfull \hbox (badness 1226) in paragraph at lines 92--94
\OT1/lmr/m/n/10 was in the same domain of the identity provider.
 []


Underfull \hbox (badness 4242) in paragraph at lines 92--94
\OT1/lmr/m/n/10 The Privacy-preserving Attribute-based Credentials
 []


Underfull \hbox (badness 2662) in paragraph at lines 92--94
\OT1/lmr/m/n/10 privacy-preserving of PII robustness of underlying
 []


Underfull \hbox (badness 2088) in paragraph at lines 100--101
\OT1/lmr/m/n/10 access control, identity and privacy; in Section 4
 []


Underfull \hbox (badness 2772) in paragraph at lines 100--101
\OT1/lmr/m/n/10 the proposal is presented; Section 5 exposes the
 []


Underfull \hbox (badness 1596) in paragraph at lines 103--104
\OT1/lmr/m/n/10 privacy in systems that delivery services using or
 []


Underfull \hbox (badness 7047) in paragraph at lines 105--106
\OT1/lmr/m/n/10 em atributos sobre Service-oriented Architectures
 []


Underfull \hbox (badness 1888) in paragraph at lines 105--106
\OT1/lmr/m/n/10 defina qual sua prefer^encia de privacidade, o que
 []

LaTeX Font Info:    External font `lmex10' loaded for size
(Font)              <10> on input line 106.
LaTeX Font Info:    External font `lmex10' loaded for size
(Font)              <7> on input line 106.

Overfull \hbox (3.33333pt too wide) has occurred while \output is active
|[][]
 []

[3]
Underfull \hbox (badness 2368) in paragraph at lines 107--108
[]\OT1/lmr/m/n/10 An approach to privacy preserving PII is the
 []


Underfull \hbox (badness 1184) in paragraph at lines 107--108
\OT1/lmr/m/n/10 credentials([]Camenisch and Lysyanskaya[], []2001[]), self-
 []


Underfull \hbox (badness 5802) in paragraph at lines 107--108
\OT1/lmr/m/n/10 blindable credentials([]Verheul[], []2001[]), and minimal
 []


Underfull \hbox (badness 3536) in paragraph at lines 109--110
\OT1/lmr/m/n/10 management using Privacy-ABC technologies. The
 []


Underfull \hbox (badness 10000) in paragraph at lines 109--110
\OT1/lmr/m/n/10 identity management that combines anonymous
 []


Underfull \hbox (badness 1226) in paragraph at lines 109--110
\OT1/lmr/m/n/10 credentials with attribute-based access control, and
 []


Underfull \hbox (badness 2689) in paragraph at lines 109--110
\OT1/lmr/m/n/10 anonymous communication. []Ardagna et al.[] ([]2008[])
 []


Underfull \hbox (badness 5260) in paragraph at lines 109--110
\OT1/lmr/m/n/10 Priem, Samarati, Sommer and Verdicchio[] ([]2010[])
 []


Underfull \hbox (badness 1675) in paragraph at lines 109--110
\OT1/lmr/m/n/10 presented works related to the project that allow
 []


Underfull \hbox (badness 2326) in paragraph at lines 109--110
\OT1/lmr/m/n/10 the restrictions imposed by services on attributes
 []


Underfull \hbox (badness 1087) in paragraph at lines 109--110
\OT1/lmr/m/n/10 solu^^Xc~oes in identity management, integrating access
 []


Underfull \hbox (badness 2573) in paragraph at lines 109--110
\OT1/lmr/m/n/10 tamb^^Sem em certificados de atributos mas usando
 []


Underfull \hbox (badness 1117) in paragraph at lines 109--110
\OT1/lmr/m/n/10 somente apresentou o modelo, n~ao incluindo testes
 []


Underfull \hbox (badness 1292) in paragraph at lines 109--110
\OT1/lmr/m/n/10 de valida^^Xc~ao de um poss^^S^^Pvel prot^^Sotipo, considering
 []


Underfull \hbox (badness 4242) in paragraph at lines 111--112
\OT1/lmr/m/n/10 that received commercial support. They are the
 []


Underfull \hbox (badness 10000) in paragraph at lines 111--112
\OT1/lmr/m/n/10 IBM Identity Mixer (IDEMIX)([]Camenisch and
 []


Underfull \hbox (badness 1527) in paragraph at lines 111--112
\OT1/lmr/m/n/10 pseudonymity, the selective and minimal disclosure
 []


Underfull \hbox (badness 1436) in paragraph at lines 111--112
\OT1/lmr/m/n/10 providers. To use in online services the credential
 []


Underfull \hbox (badness 2538) in paragraph at lines 111--112
\OT1/lmr/m/n/10 is transformed in a presentation token, that can
 []


Underfull \hbox (badness 1552) in paragraph at lines 111--112
\OT1/lmr/m/n/10 Attributes)([]Koning et al.[], []2014[]). A project known
 []


Underfull \hbox (badness 2134) in paragraph at lines 111--112
\OT1/lmr/m/n/10 Attribute-based Credentials for Trust (ABC4Trust)
 []


Underfull \hbox (badness 6708) in paragraph at lines 111--112
\OT1/lmr/m/n/10 and interchangeability of technologies related to
 []


Underfull \hbox (badness 1622) in paragraph at lines 111--112
\OT1/lmr/m/n/10 the difficulty of applicability of the technology in
 []


Underfull \hbox (badness 3746) in paragraph at lines 113--114
\OT1/lmr/m/n/10 o consentimento pode ser de granularidade mais
 []


Underfull \hbox (badness 3260) in paragraph at lines 113--114
\OT1/lmr/m/n/10 fina sobre os dados. Para evitar que os pontos
 []


Underfull \hbox (badness 2547) in paragraph at lines 113--114
\OT1/lmr/m/n/10 PDP e PEP do XACML n~ao tenham acesso ^^Ras
 []


Underfull \hbox (badness 1320) in paragraph at lines 113--114
\OT1/lmr/m/n/10 prefer^encias de privacidade e de dados do usu^^Sario
 []


Underfull \hbox (badness 2173) in paragraph at lines 113--114
\OT1/lmr/m/n/10 de apresentar a caracter^^S^^Pstica de autoriza^^Xc~ao com
 []


Underfull \hbox (badness 4060) in paragraph at lines 113--114
\OT1/lmr/m/it/10 Framework \OT1/lmr/m/n/10 (IGF). A extens~ao do XACML para
 []


Underfull \hbox (badness 10000) has occurred while \output is active
\OT1/lmr/m/n/10 4| \OT1/lmr/m/it/10 G. L. Camillo and C. M. Westphall
 []


Overfull \hbox (3.33333pt too wide) has occurred while \output is active
|[][]
 []

[4]
Underfull \hbox (badness 1917) in paragraph at lines 115--116
\OT1/lmr/m/n/10 de servi^^Xco na nuvem s~ao confi^^Saveis de tal forma
 []


Underfull \hbox (badness 1024) in paragraph at lines 117--118
\OT1/lmr/m/n/10 are specified to be easy distributed. The proposed
 []


Underfull \hbox (badness 10000) in paragraph at lines 119--120
[]\OT1/lmr/m/n/10 The identity management consolidated the
 []


Underfull \hbox (badness 1681) in paragraph at lines 119--120
\OT1/lmr/m/n/10 externalization of user authentication. The domain
 []


Underfull \hbox (badness 1320) in paragraph at lines 119--120
\OT1/lmr/m/n/10 don't or partially meets the requisites, because of
 []


Underfull \hbox (badness 1117) in paragraph at lines 121--122
\OT1/lmr/m/n/10 third-party applications access his or her resources
 []


Underfull \hbox (badness 1142) in paragraph at lines 121--122
\OT1/lmr/m/n/10 without expose private credentials. For that online
 []


Underfull \hbox (badness 1721) in paragraph at lines 123--124
\OT1/lmr/m/n/10 consume services in a environment with the next
 []


Overfull \hbox (3.33333pt too wide) has occurred while \output is active
|[][]
 []

[5]
Underfull \hbox (badness 6094) in paragraph at lines 134--135
[]\OT1/lmr/m/n/10 Sistemas de controle de acesso baseados em
 []


Underfull \hbox (badness 1158) in paragraph at lines 136--137
[]\OT1/lmr/m/n/10 A evolu^^Xc~ao da computa^^Xc~ao trouxe quest~oes que
 []


Underfull \hbox (badness 1960) in paragraph at lines 136--137
\OT1/lmr/m/n/10 em identidade j^^Sa n~ao podiam satisfazer. As mais
 []


Underfull \hbox (badness 10000) in paragraph at lines 142--143
[]\OT1/lmr/m/n/10 The Organization for the Advancement of
 []


Underfull \hbox (badness 2564) in paragraph at lines 142--143
\OT1/lmr/m/n/10 Structured Information Standards (OASIS) defined
 []


Underfull \hbox (badness 6592) in paragraph at lines 142--143
\OT1/lmr/m/n/10 the standard eXtensible Access Control Markup
 []


Underfull \hbox (badness 2717) in paragraph at lines 142--143
\OT1/lmr/m/n/10 Language (XACML)[]Rissanen[] ([]2013[]) based on the
 []


Underfull \hbox (badness 5036) in paragraph at lines 142--143
\OT1/lmr/m/n/10 reference architecture. The decoupled architecture
 []


Underfull \hbox (badness 1163) in paragraph at lines 144--145
\OT1/lmr/m/n/10 to the authorization request, Conditions which are
 []


Underfull \hbox (badness 10000) has occurred while \output is active
\OT1/lmr/m/n/10 6| \OT1/lmr/m/it/10 G. L. Camillo and C. M. Westphall
 []


Overfull \hbox (3.33333pt too wide) has occurred while \output is active
|[][]
 []

[6]
Underfull \hbox (badness 2197) in paragraph at lines 146--147
\OT1/lmr/m/n/10 da seguinte forma: ponto de avalia^^Xc~ao verifica se
 []


Underfull \hbox (badness 1824) in paragraph at lines 148--149
\OT1/lmr/m/n/10 lan^^Xcada em 22 de janeiro de 2013, e conta com
 []


Underfull \hbox (badness 1590) in paragraph at lines 148--149
\OT1/lmr/m/n/10 um conjunto de profiles que permitem acrescentar
 []


Underfull \hbox (badness 1142) in paragraph at lines 151--152
\OT1/lmr/m/n/10 um subconjunto de valores de atributos []Pfitzmann
 []


Underfull \hbox (badness 1383) in paragraph at lines 151--152
\OT1/lmr/m/n/10 attributes of identities between parties in different
 []


Underfull \hbox (badness 1205) in paragraph at lines 155--156
\OT1/lmr/m/n/10 Markup Language (SAML) []Ragouzis et al.[] ([]2008[]),
 []


Underfull \hbox (badness 1264) in paragraph at lines 155--156
\OT1/lmr/m/n/10 identidade s~ao baseadas no SAML, dos quais vale
 []


Underfull \hbox (badness 1478) in paragraph at lines 155--156
\OT1/lmr/m/n/10 destacar o Shibboleth []Erdos and Cantor[] ([]2002[]) e
 []


Underfull \hbox (badness 3281) in paragraph at lines 155--156
\OT1/lmr/m/n/10 delegar autoriza^^Xc~ao, entre SP e IdP. O OpenID
 []


Underfull \hbox (badness 3364) in paragraph at lines 155--156
\OT1/lmr/m/n/10 sobre o protocolo OAuth 2.0, que permite criar
 []


Underfull \hbox (badness 1655) in paragraph at lines 155--156
\OT1/lmr/m/n/10 federa^^Xc~oes de identidade usando mensagens REST,
 []


Underfull \hbox (badness 1708) in paragraph at lines 155--156
\OT1/lmr/m/n/10 Microsoft) e que define os mecanismos para criar
 []


Underfull \hbox (badness 1009) in paragraph at lines 159--160
\OT1/lmr/m/n/10 prop~oem ampla conceitua^^Xc~ao envolvendo esse tema.
 []


Underfull \hbox (badness 1365) in paragraph at lines 159--160
\OT1/lmr/m/n/10 e qual informa^^Xc~ao sobre os mesmos ^^Se comunicada
 []


Underfull \hbox (badness 1924) in paragraph at lines 159--160
\OT1/lmr/m/n/10 aos outros. Ainda, traz o importante conceito de
 []


Overfull \hbox (3.33333pt too wide) has occurred while \output is active
|[][]
 []

[7]
Underfull \hbox (badness 1616) in paragraph at lines 161--162
[]\OT1/lmr/m/n/10 Uma linha importante que estende sistemas de
 []


Underfull \hbox (badness 1009) in paragraph at lines 163--164
\OT1/lmr/m/n/10 the Universal Declaration of Human Rights of the
 []


Underfull \hbox (badness 1189) in paragraph at lines 167--168
\OT1/lmr/m/n/10 In this section we will illustrate the problem and
 []


Underfull \hbox (badness 1629) in paragraph at lines 167--168
\OT1/lmr/m/n/10 a citizens that have been registered in an public
 []


Underfull \hbox (badness 3009) in paragraph at lines 169--170
[]\OT1/lmr/m/n/10 The library wants use authorization based on
 []


Underfull \hbox (badness 10000) in paragraph at lines 169--170
\OT1/lmr/m/n/10 attributes and externalized of the application.
 []


Underfull \hbox (badness 5161) in paragraph at lines 169--170
\OT1/lmr/m/n/10 Architecture should be implemented as RESTful
 []


Underfull \hbox (badness 1259) in paragraph at lines 169--170
\OT1/lmr/m/n/10 services, with the following constraints: a) services
 []


Underfull \hbox (badness 1796) in paragraph at lines 198--199
\OT1/lmr/m/n/10 of Privacy-Enhancing Technologies (PET) s~ao
 []


Underfull \hbox (badness 1831) in paragraph at lines 198--199
\OT1/lmr/m/n/10 a identidade, conte^^Sudo e comportamento. No
 []


Underfull \hbox (badness 1199) in paragraph at lines 198--199
\OT1/lmr/m/n/10 ser^^Sa considerado para fins de manuten^^Xc~ao da
 []


Underfull \hbox (badness 10000) has occurred while \output is active
\OT1/lmr/m/n/10 8| \OT1/lmr/m/it/10 G. L. Camillo and C. M. Westphall
 []


Overfull \hbox (3.33333pt too wide) has occurred while \output is active
|[][]
 []

[8]
Underfull \hbox (badness 2828) in paragraph at lines 203--205
\OT1/lmr/m/n/10 the model deals with the principle of Collection
 []


Underfull \hbox (badness 3547) in paragraph at lines 207--208
\OT1/lmr/m/n/10 ser~ao apresentadas as restri^^Xc~oes que escopos que
 []


Underfull \hbox (badness 7595) in paragraph at lines 227--228
[]\OT1/lmr/m/n/10 Na figura fig-openidconnect-fluxomensagens s~ao
 []


Underfull \hbox (badness 1248) in paragraph at lines 227--228
\OT1/lmr/m/n/10 apresentados os fluxos de mensagens entre as tr^es
 []


Underfull \hbox (badness 2020) in paragraph at lines 230--231
[]\OT1/lmr/m/n/10 Relaying Party (RP): entidade que requer a
 []


Underfull \hbox (badness 2512) in paragraph at lines 237--238
[]\OT1/lmr/m/n/10 Basicamente, o fluxo de mensagens seguem os
 []


Underfull \hbox (badness 5756) in paragraph at lines 239--240
[]\OT1/lmr/m/n/10 The RP (Client) envia uma requisi^^Xc~ao de
 []


Underfull \hbox (badness 3199) in paragraph at lines 243--244
[]\OT1/lmr/m/n/10 O ponto de informa^^Xc~ao (\OT1/lmr/m/it/10 UserInfo Endpoint
\OT1/lmr/m/n/10 )
 []


Underfull \hbox (badness 5245) in paragraph at lines 246--247
[]\OT1/lmr/m/n/10 Sobre o fluxo, h^^Sa algumas considera^^Xc~oes. As
 []


LaTeX Warning: Reference `fig-proposta-geral-colorido' on page 9 undefined on i
nput line 250.


Overfull \hbox (3.33333pt too wide) has occurred while \output is active
|[][]
 []

[9]
Underfull \hbox (badness 2932) in paragraph at lines 258--259
[]\OT1/lmr/m/n/10 O XACML dever^^Sa ser estendido atrav^^Ses de
 []


Underfull \hbox (badness 1292) in paragraph at lines 258--259
\OT1/lmr/m/n/10 extrair a avalia^^Xc~ao referente aos atributos do
 []


Underfull \hbox (badness 1496) in paragraph at lines 259--260
[]\OT1/lmr/m/n/10 Atrav^^Ses de extens~ao ao protocolo OAuth 2.0
 []


Underfull \hbox (badness 4595) in paragraph at lines 260--261
[]\OT1/lmr/m/n/10 A requisi^^Xc~ao de avalia^^Xc~ao ^^Se interceptada e
 []


Underfull \hbox (badness 1184) in paragraph at lines 261--262
[]\OT1/lmr/m/n/10 O resultado da avalia^^Xc~ao ^^Se retornado para o
 []


Underfull \hbox (badness 4940) in paragraph at lines 289--290
\OT1/lmr/m/n/10 relacionado que possa servir de par^ametro para
 []


Underfull \hbox (badness 10000) in paragraph at lines 289--290
\OT1/lmr/m/n/10 quantificar o custo relativo da proposta. Mas,
 []


Underfull \hbox (badness 2150) in paragraph at lines 289--290
\OT1/lmr/m/n/10 considerando que h^^Sa necessidade de estender dois
 []


Underfull \hbox (badness 6859) in paragraph at lines 289--290
\OT1/lmr/m/n/10 protocolos e incluir mais c^^Sodigo de transporte,
 []


Underfull \hbox (badness 1540) in paragraph at lines 289--290
\OT1/lmr/m/n/10 a opera^^Xc~oes de controle de acesso que demandam
 []


Underfull \hbox (badness 1776) in paragraph at lines 289--290
\OT1/lmr/m/n/10 O maior impacto poderia ocorrer no provedor de
 []


Underfull \hbox (badness 1960) in paragraph at lines 289--290
\OT1/lmr/m/n/10 ([]2014[]) e distribui^^Xc~ao dos processos num ambiente
 []

(./ARTIGO-privacy.preserving.in.finer-grained.access.control.using.XACML.bbl
Underfull \hbox (badness 2245) in paragraph at lines 10--16
\OT1/lmr/m/n/10 Kohlweiss, Ronald Leenes, Gregory Neven, Bart
 []


Underfull \hbox (badness 1715) in paragraph at lines 10--16
\OT1/lmr/m/n/10 Priem, Pierangela Samarati, Dieter Sommer and
 []


Underfull \hbox (badness 1975) in paragraph at lines 10--16
\OT1/lmr/m/n/10 for privacy-enhanced access control: A result of
 []


Underfull \hbox (badness 4765) in paragraph at lines 19--23
[]\OT1/lmr/m/n/10 Ardagna, Claudio Agostino, Marco Cremonini, S
 []


Underfull \hbox (badness 1502) in paragraph at lines 19--23
\OT1/lmr/m/n/10 2008.  ``A privacy-aware access control system.''
 []


Underfull \hbox (badness 1881) in paragraph at lines 26--33
\OT1/lmr/m/it/10 IEEE 10th International Conference on\OT1/lmr/m/n/10 .  IEEE
 []


Underfull \hbox (badness 10000) has occurred while \output is active
\OT1/lmr/m/n/10 10| \OT1/lmr/m/it/10 G. L. Camillo and C. M. Westphall
 []


Overfull \hbox (3.33333pt too wide) has occurred while \output is active
|[][]
 []

[10]
LaTeX Font Info:    Try loading font information for OT1+lmtt on input line 48.

 (/usr/share/texmf/tex/latex/lm/ot1lmtt.fd
File: ot1lmtt.fd 2009/10/30 v1.6 Font defs for Latin Modern
)
Underfull \hbox (badness 10000) in paragraph at lines 42--51
\OT1/lmtt/m/n/10 ABC4Trust-[]H2 . 2 _ ABC4Trust _ Architecture _ for _
 []


Underfull \hbox (badness 10000) in paragraph at lines 42--51
\OT1/lmr/bx/n/10 URL: \OT1/lmr/m/it/10 https://abc4trust.eu/download/ABC4Trust-

 []


Underfull \hbox (badness 3407) in paragraph at lines 53--57
[]\OT1/lmr/m/n/10 Brands, Stefan A. 2000.  \OT1/lmr/m/it/10 Rethinking public k
ey
 []


Underfull \hbox (badness 1360) in paragraph at lines 53--57
\OT1/lmr/m/it/10 infrastructures and digital certificates: building in
 []


Underfull \hbox (badness 5490) in paragraph at lines 67--72
\OT1/lmr/m/n/10 efficient system for non-transferable anonymous
 []


Underfull \hbox (badness 2680) in paragraph at lines 74--79
[]\OT1/lmr/m/n/10 Camenisch, Jan and Els Van Herreweghen. 2002.
 []


Underfull \hbox (badness 6188) in paragraph at lines 89--94
[]\OT1/lmr/m/n/10 Camenisch, Jan, Maria Dubovitskaya, Robert R
 []


Underfull \hbox (badness 2922) in paragraph at lines 104--109
[]\OT1/lmr/m/n/10 Cao, Yuan and Lin Yang. 2010.  A survey of
 []


Underfull \hbox (badness 3449) in paragraph at lines 104--109
\OT1/lmr/m/n/10 identity management technology. In \OT1/lmr/m/it/10 Information

 []


Underfull \hbox (badness 1546) in paragraph at lines 104--109
\OT1/lmr/m/it/10 Theory and Information Security (ICITIS), 2010
 []


Underfull \hbox (badness 10000) in paragraph at lines 112--116
\OT1/lmr/m/it/10 Concurrency and Computation: Practice and
 []


Underfull \hbox (badness 2799) in paragraph at lines 123--126
[]\OT1/lmr/m/n/10 Chaum, David L. 1981.  ``Untraceable electronic
 []


Underfull \hbox (badness 1824) in paragraph at lines 123--126
\OT1/lmr/m/n/10 mail, return addresses, and digital pseudonyms.''
 []


Underfull \hbox (badness 10000) in paragraph at lines 128--131
[]\OT1/lmr/m/n/10 Dagdee, Nirmal and Ruchi Vijaywargiya. 2011.
 []


Underfull \hbox (badness 1436) in paragraph at lines 142--147
\OT1/lmr/m/n/10 2012.  Toward efficient and confidentiality-aware
 []


Underfull \hbox (badness 1412) in paragraph at lines 158--163
\OT1/lmr/m/n/10 fulfillment of privacy requirements.'' \OT1/lmr/m/it/10 Require
ments
 []


Underfull \hbox (badness 2707) in paragraph at lines 165--170
[]\OT1/lmr/m/n/10 El Maliki, Tewfiq and Jean-Marc Seigneur. 2007.
 []


Underfull \hbox (badness 6995) in paragraph at lines 165--170
\OT1/lmr/m/n/10 A survey of user-centric identity management
 []


Underfull \hbox (badness 5288) in paragraph at lines 165--170
\OT1/lmr/m/n/10 technologies. In \OT1/lmr/m/it/10 Emerging Security Information
,
 []


Underfull \hbox (badness 1622) in paragraph at lines 177--186
[]\OT1/lmr/m/n/10 EU Directive. 1995.  ``Directive 95/46/EC of the
 []


Underfull \hbox (badness 1902) in paragraph at lines 177--186
\OT1/lmr/m/n/10 European Parliament and of the Council of 24
 []


Underfull \hbox (badness 10000) in paragraph at lines 177--186
\OT1/lmtt/m/n/10 eu / legal-[]content / EN / TXT / HTML / ?uri = CELEX :
 []


Underfull \hbox (badness 10000) in paragraph at lines 177--186
\OT1/lmr/bx/n/10 URL: \OT1/lmr/m/it/10 http://eur-lex.europa.eu/legal-
 []


Overfull \hbox (3.33333pt too wide) has occurred while \output is active
|[][]
 []

[11]
Underfull \hbox (badness 10000) in paragraph at lines 204--210
\OT1/lmr/m/n/10 Federation Language (WS-Federation) Version
 []


Underfull \hbox (badness 10000) in paragraph at lines 204--210
\OT1/lmr/m/n/10 1.2.''.  [online] []$\OT1/lmtt/m/n/10 http : / / docs . oasis-[
]open . org /
 []


Underfull \hbox (badness 10000) in paragraph at lines 204--210
\OT1/lmtt/m/n/10 wsfed / federation / v1 . 2 / os / ws-[]federation-[]1 .
 []


Underfull \hbox (badness 10000) in paragraph at lines 204--210
\OT1/lmr/bx/n/10 URL: \OT1/lmr/m/it/10 http://docs.oasis-
 []


Underfull \hbox (badness 10000) in paragraph at lines 204--210
\OT1/lmr/m/it/10 open.org/wsfed/federation/v1.2/os/ws-federation-1.2-
 []


Underfull \hbox (badness 10000) in paragraph at lines 218--223
\OT1/lmr/m/n/10 Obligations on User-Managed Access (UMA)
 []


Underfull \hbox (badness 10000) in paragraph at lines 218--223
\OT1/lmr/m/n/10 Participants. Internet-Draft draft-maler-oauth-
 []


Underfull \hbox (badness 7221) in paragraph at lines 218--223
\OT1/lmr/bx/n/10 URL: \OT1/lmr/m/it/10 https://tools.ietf.org/html/draft-maler-
oauth-
 []


Underfull \hbox (badness 10000) in paragraph at lines 226--232
\OT1/lmr/m/n/10 hardjono-oauth-umacore-14 Internet Engineering
 []


Underfull \hbox (badness 10000) in paragraph at lines 226--232
\OT1/lmr/bx/n/10 URL: \OT1/lmr/m/it/10 https://tools.ietf.org/html/draft-hardjo
no-
 []


Underfull \hbox (badness 2253) in paragraph at lines 234--239
\OT1/lmr/m/n/10 framework (RFC 6749).''.  [online] []$\OT1/lmtt/m/n/10 http : /
 / www .
 []


Underfull \hbox (badness 10000) in paragraph at lines 234--239
\OT1/lmtt/m/n/10 rfc-[]editor . org / info / rfc6749$[] \OT1/lmr/m/n/10 (Access
ed 20
 []


Underfull \hbox (badness 10000) in paragraph at lines 242--246
[]\OT1/lmr/m/n/10 Heurix, Johannes, Peter Zimmermann, Thomas
 []


Underfull \hbox (badness 10000) in paragraph at lines 257--260
[]\OT1/lmr/m/it/10 ITU-T Recommendation X.812 (1995)|ISO/IEC
 []


Underfull \hbox (badness 10000) in paragraph at lines 257--260
\OT1/lmr/m/it/10 10181-3:1996, Information Technology - Open
 []


Underfull \hbox (badness 1137) in paragraph at lines 257--260
\OT1/lmr/m/it/10 Systems Interconnection - Security frameworks in
 []


Underfull \hbox (badness 1701) in paragraph at lines 271--275
\OT1/lmr/m/n/10 system. In \OT1/lmr/m/it/10 Data and Applications Security XXI\
OT1/lmr/m/n/10 .
 []


Underfull \hbox (badness 3000) in paragraph at lines 306--310
\OT1/lmr/m/it/10 Proceedings of the IEEE \OT1/lmr/m/n/10 100(Special Centennial

 []


Underfull \hbox (badness 3271) in paragraph at lines 325--331
[]\OT1/lmr/m/n/10 Ma, Weina and Kamran Sartipi. 2015.  Cloud-
 []


Underfull \hbox (badness 1189) in paragraph at lines 325--331
\OT1/lmr/m/it/10 Conference on Security and Management (SAM)\OT1/lmr/m/n/10 .
 []


Underfull \hbox (badness 1043) in paragraph at lines 325--331
\OT1/lmr/m/n/10 The Steering Committee of The World Congress
 []


Underfull \hbox (badness 1142) in paragraph at lines 325--331
\OT1/lmr/m/n/10 in Computer Science, Computer Engineering and
 []


Underfull \hbox (badness 10000) has occurred while \output is active
\OT1/lmr/m/n/10 12| \OT1/lmr/m/it/10 G. L. Camillo and C. M. Westphall
 []


Overfull \hbox (3.33333pt too wide) has occurred while \output is active
|[][]
 []

[12]
Underfull \hbox (badness 1609) in paragraph at lines 349--353
\OT1/lmr/m/it/10 Security and Trust (PST), 2014 Twelfth Annual
 []


Underfull \hbox (badness 10000) in paragraph at lines 367--371
[]\OT1/lmr/m/n/10 Organisation for Economic Co-operation and
 []


Underfull \hbox (badness 10000) in paragraph at lines 374--381
[]\OT1/lmr/m/n/10 Organization for Economic Co-Operation and
 []


Underfull \hbox (badness 3158) in paragraph at lines 374--381
\OT1/lmr/m/n/10 Concerning Guidelines Governing the Protection
 []


Underfull \hbox (badness 3590) in paragraph at lines 374--381
\OT1/lmr/m/n/10 of Privacy and Transborder Flows of Personal
 []


Underfull \hbox (badness 10000) in paragraph at lines 374--381
\OT1/lmtt/m/n/10 ieconomy / 2013-[]oecd-[]privacy-[]guidelines . pdf$[]
 []


Underfull \hbox (badness 1521) in paragraph at lines 374--381
\OT1/lmr/bx/n/10 URL: \OT1/lmr/m/it/10 http://www.oecd.org/sti/ieconomy/2013-oe
cd-
 []


Underfull \hbox (badness 1102) in paragraph at lines 384--388
\OT1/lmr/m/n/10 A Survey.'' \OT1/lmr/m/it/10 Communications Surveys & Tutorials
,
 []


Underfull \hbox (badness 10000) in paragraph at lines 390--397
[]\OT1/lmr/m/n/10 Pernul, G^^?unther. 2009.  ``Access-eGov: Access
 []


Underfull \hbox (badness 10000) in paragraph at lines 390--397
\OT1/lmr/m/n/10 to e-Government Services Employing Semantic
 []


Underfull \hbox (badness 10000) in paragraph at lines 390--397
\OT1/lmr/m/n/10 Technologies.''.  [online] []$\OT1/lmtt/m/n/10 http : / / www-[
]wiwi .
 []


Underfull \hbox (badness 10000) in paragraph at lines 390--397
\OT1/lmtt/m/n/10 uni-[]regensburg . de / Forschung / Projekte /
 []


Underfull \hbox (badness 1137) in paragraph at lines 390--397
\OT1/lmtt/m/n/10 Access-[]eGov-[]15 . html . en$[] \OT1/lmr/m/n/10 (Accessed 03
 November
 []


Underfull \hbox (badness 10000) in paragraph at lines 390--397
\OT1/lmr/bx/n/10 URL: \OT1/lmr/m/it/10 http://www-wiwi.uni-
 []


Underfull \hbox (badness 10000) in paragraph at lines 390--397
\OT1/lmr/m/it/10 regensburg.de/Forschung/Projekte/Access-eGov-
 []


Underfull \hbox (badness 10000) in paragraph at lines 399--403
[]\OT1/lmr/m/n/10 Pfitzmann, Andreas and Marit Hansen. 2010.
 []


Underfull \hbox (badness 6412) in paragraph at lines 399--403
\OT1/lmr/m/n/10 ``A terminology for talking about privacy by
 []


Underfull \hbox (badness 10000) in paragraph at lines 399--403
\OT1/lmr/m/n/10 data minimization: Anonymity, unlinkability,
 []


Underfull \hbox (badness 2726) in paragraph at lines 406--414
[]\OT1/lmr/m/n/10 Ragouzis, Nick, John Hughes, Rob Philpott, Eve
 []


Underfull \hbox (badness 10000) in paragraph at lines 406--414
\OT1/lmr/m/n/10 Maler, Paul Madsen and Tom Scavo. 2008.
 []


Underfull \hbox (badness 2922) in paragraph at lines 406--414
\OT1/lmr/m/n/10 ``Security assertion markup language (saml) v2.
 []


Underfull \hbox (badness 7064) in paragraph at lines 406--414
\OT1/lmr/m/n/10 0 technical overview.''.  [online] []$\OT1/lmtt/m/n/10 http : /
 / www .
 []


Underfull \hbox (badness 10000) in paragraph at lines 406--414
\OT1/lmtt/m/n/10 oasis-[]open . org / committees / download . php /
 []


Underfull \hbox (badness 10000) in paragraph at lines 406--414
\OT1/lmtt/m/n/10 27819 / sstc-[]saml-[]tech-[]overview-[]2 . 0-[]cd-[]02 . pdf$
[]
 []


Underfull \hbox (badness 10000) in paragraph at lines 406--414
\OT1/lmr/bx/n/10 URL: \OT1/lmr/m/it/10 http://www.oasis-
 []


Underfull \hbox (badness 10000) in paragraph at lines 406--414
\OT1/lmr/m/it/10 open.org/committees/download.php/27819/sstc-saml-
 []


Underfull \hbox (badness 1655) in paragraph at lines 416--423
\OT1/lmr/m/n/10 [online] []$\OT1/lmtt/m/n/10 http : / / docs . oasis-[]open . o
rg / xacml / 3 . 0 /
 []


Underfull \hbox (badness 10000) in paragraph at lines 416--423
\OT1/lmtt/m/n/10 xacml-[]3 . 0-[]core-[]spec-[]os-[]en . html$[] \OT1/lmr/m/n/1
0 (Accessed 23
 []


Underfull \hbox (badness 10000) in paragraph at lines 416--423
\OT1/lmr/bx/n/10 URL: \OT1/lmr/m/it/10 http://docs.oasis-open.org/xacml/3.0/xac
ml-
 []


Underfull \hbox (badness 7558) in paragraph at lines 426--433
[]\OT1/lmr/m/n/10 Rubio-Medrano, Carlos E., Ziming Zhao, Adam
 []


Underfull \hbox (badness 4634) in paragraph at lines 426--433
\OT1/lmr/m/n/10 Doupe and Gail-Joon Ahn. 2015.  Federated
 []


Underfull \hbox (badness 8056) in paragraph at lines 426--433
\OT1/lmr/m/n/10 Access Management for Collaborative Network
 []


Underfull \hbox (badness 5563) in paragraph at lines 426--433
\OT1/lmr/m/n/10 Environments: Framework and Case Study. In
 []


Underfull \hbox (badness 1466) in paragraph at lines 436--442
\OT1/lmr/m/n/10 1.0 incorporating errata set 1.''.  [online] []$\OT1/lmtt/m/n/1
0 http :
 []


Underfull \hbox (badness 10000) in paragraph at lines 436--442
\OT1/lmtt/m/n/10 / / openid . net / specs / openid-[]connect-[]core-[]1 _ 0 .
 []


Underfull \hbox (badness 10000) in paragraph at lines 436--442
\OT1/lmr/bx/n/10 URL: \OT1/lmr/m/it/10 http://openid.net/specs/openid-connect-c
ore-
 []


Underfull \hbox (badness 10000) in paragraph at lines 444--447
[]\OT1/lmr/m/n/10 Samarati, Pierangela and Sabrina De Capitani
 []


Underfull \hbox (badness 3354) in paragraph at lines 455--460
[]\OT1/lmr/m/n/10 Verheul, Eric R. 2001.  Self-blindable credential
 []


Underfull \hbox (badness 6396) in paragraph at lines 455--460
\OT1/lmr/m/it/10 Conference on the Theory and Application of
 []


Underfull \hbox (badness 2980) in paragraph at lines 455--460
\OT1/lmr/m/it/10 Cryptology and Information Security\OT1/lmr/m/n/10 .  Springer

 []


Underfull \hbox (badness 10000) in paragraph at lines 463--470
[]\OT1/lmr/m/n/10 Werner, Jorge, Carla Merkle Westphall, Rafael
 []


Underfull \hbox (badness 10000) in paragraph at lines 463--470
\OT1/lmr/m/n/10 Weingartner, Guilherme Arthur Geronimo and
 []


Underfull \hbox (badness 10000) in paragraph at lines 463--470
\OT1/lmr/m/it/10 Information Technology; Ubiquitous Computing
 []


Underfull \hbox (badness 10000) in paragraph at lines 463--470
\OT1/lmr/m/it/10 and Communications; Dependable, Autonomic
 []


Underfull \hbox (badness 4819) in paragraph at lines 472--476
[]\OT1/lmr/m/n/10 Werner, Jorge and Carla Westphall. 2016.  A
 []

) 
AED: lastpage setting LastPage

Overfull \hbox (3.33333pt too wide) has occurred while \output is active
|[][]
 []

[13]
Package atveryend Info: Empty hook `BeforeClearDocument' on input line 311.
Package atveryend Info: Empty hook `AfterLastShipout' on input line 311.

(./ARTIGO-privacy.preserving.in.finer-grained.access.control.using.XACML.aux)
Package atveryend Info: Executing hook `AtVeryEndDocument' on input line 311.
Package atveryend Info: Executing hook `AtEndAfterFileList' on input line 311.
Package rerunfilecheck Info: File `ARTIGO-privacy.preserving.in.finer-grained.a
ccess.control.using.XACML.out' has not changed.
(rerunfilecheck)             Checksum: 4A0EBE5A0BB9C333F3E8C47D74C1FBEE;789.


LaTeX Warning: There were undefined references.

Package atveryend Info: Empty hook `AtVeryVeryEnd' on input line 311.
 ) 
Here is how much of TeX's memory you used:
 7988 strings out of 493029
 113991 string characters out of 6136234
 212796 words of memory out of 5000000
 11232 multiletter control sequences out of 15000+600000
 67862 words of font info for 73 fonts, out of 8000000 for 9000
 1141 hyphenation exceptions out of 8191
 36i,14n,30p,2099b,524s stack positions out of 5000i,500n,10000p,200000b,80000s
{/usr/share/texmf/fonts/enc/dvips/lm/lm-rmtt.enc}{/usr/share/texmf/fonts/enc/
dvips/lm/lm-rm.enc}{/usr/share/texmf/fonts/enc/dvips/lm/lm-mathsy.enc}</usr/sha
re/texmf/fonts/type1/public/lm/lmbx10.pfb></usr/share/texmf/fonts/type1/public/
lm/lmbx12.pfb></usr/share/texmf/fonts/type1/public/lm/lmbx9.pfb></usr/share/tex
mf/fonts/type1/public/lm/lmr10.pfb></usr/share/texmf/fonts/type1/public/lm/lmr9
.pfb></usr/share/texmf/fonts/type1/public/lm/lmri10.pfb></usr/share/texmf/fonts
/type1/public/lm/lmri12.pfb></usr/share/texmf/fonts/type1/public/lm/lmri9.pfb><
/usr/share/texmf/fonts/type1/public/lm/lmss10.pfb></usr/share/texmf/fonts/type1
/public/lm/lmss12.pfb></usr/share/texmf/fonts/type1/public/lm/lmssbx10.pfb></us
r/share/texmf/fonts/type1/public/lm/lmsy9.pfb></usr/share/texmf/fonts/type1/pub
lic/lm/lmtt10.pfb>
Output written on ARTIGO-privacy.preserving.in.finer-grained.access.control.usi
ng.XACML.pdf (13 pages, 356039 bytes).
PDF statistics:
 526 PDF objects out of 1000 (max. 8388607)
 493 compressed objects within 5 object streams
 112 named destinations out of 1000 (max. 500000)
 113 words of extra memory for PDF output out of 10000 (max. 10000000)

